<?xml version="1.0" encoding="UTF-8"?>
<!-- Generated by org.testng.reporters.JUnitReportReporter -->
<testsuite hostname="LAPTOP-1EI9QECQ" failures="0" tests="2" name="Test01_GET" time="1.727" errors="0" timestamp="2021-07-08T14:29:52 IST" skipped="0">
  <testcase classname="Test01_GET" name="test_02" time="0.518"/>
  <system-out/>
  <testcase classname="Test01_GET" name="test_01" time="1.209"/>
  <system-out/>
</testsuite> <!-- Test01_GET -->
