<?xml version="1.0" encoding="UTF-8"?>
<!-- Generated by org.testng.reporters.JUnitReportReporter -->
<testsuite hostname="LAPTOP-1EI9QECQ" failures="0" tests="1" name="CustomAPI" time="0.895" errors="0" timestamp="2021-07-08T18:49:19 IST" skipped="0">
  <testcase classname="CustomAPI" name="test_get" time="0.895"/>
  <system-out/>
</testsuite> <!-- CustomAPI -->
