<?xml version="1.0" encoding="UTF-8"?>
<!-- Generated by org.testng.reporters.JUnitReportReporter -->
<testsuite hostname="LAPTOP-1EI9QECQ" failures="0" tests="1" name="Test_Post" time="1.619" errors="0" timestamp="2021-07-08T15:38:35 IST" skipped="0">
  <testcase classname="Test_Post" name="test_1" time="1.619"/>
  <system-out/>
</testsuite> <!-- Test_Post -->
