<?xml version="1.0" encoding="UTF-8"?>
<!-- Generated by org.testng.reporters.JUnitReportReporter -->
<testsuite hostname="LAPTOP-1EI9QECQ" failures="0" tests="1" name="Test_Patch" time="1.585" errors="0" timestamp="2021-07-08T17:11:00 IST" skipped="0">
  <testcase classname="Test_Patch" name="test_03" time="1.585"/>
  <system-out/>
</testsuite> <!-- Test_Patch -->
