<?xml version="1.0" encoding="UTF-8"?>
<!-- Generated by org.testng.reporters.JUnitReportReporter -->
<testsuite hostname="LAPTOP-1EI9QECQ" failures="0" tests="1" name="Test_Delete" time="1.526" errors="0" timestamp="2021-07-08T18:00:59 IST" skipped="0">
  <testcase classname="Test_Delete" name="test_01" time="1.526"/>
  <system-out/>
</testsuite> <!-- Test_Delete -->
